\BOOKMARK [0][-]{section*.5}{Lista de Figuras}{}% 1
\BOOKMARK [0][-]{section*.7}{Lista de Tabelas}{}% 2
\BOOKMARK [0][-]{section*.9}{Lista de Quadros}{}% 3
\BOOKMARK [0][-]{chapter.1}{Introdu\347\343o}{}% 4
\BOOKMARK [1][-]{section.1.1}{Justificativa}{chapter.1}% 5
\BOOKMARK [1][-]{section.1.2}{Objetivos}{chapter.1}% 6
\BOOKMARK [2][-]{subsection.1.2.1}{Objetivo Geral}{section.1.2}% 7
\BOOKMARK [2][-]{subsection.1.2.2}{Objetivos Espec\355ficos}{section.1.2}% 8
\BOOKMARK [1][-]{section.1.3}{Organiza\347\343o da Proposta}{chapter.1}% 9
\BOOKMARK [0][-]{chapter.2}{Fundamenta\347\343o Te\363rica}{}% 10
\BOOKMARK [1][-]{section.2.1}{Falha, Erro e Defeito}{chapter.2}% 11
\BOOKMARK [1][-]{section.2.2}{Principais Fontes de Radia\347\343o e seus Efeitos nos Circuitos Eletr\364nicos}{chapter.2}% 12
\BOOKMARK [2][-]{subsection.2.2.1}{Cintur\343o de Van Allen}{section.2.2}% 13
\BOOKMARK [2][-]{subsection.2.2.2}{Atividade Solar}{section.2.2}% 14
\BOOKMARK [2][-]{subsection.2.2.3}{Raios C\363smicos}{section.2.2}% 15
\BOOKMARK [2][-]{subsection.2.2.4}{Part\355culas alpha}{section.2.2}% 16
\BOOKMARK [2][-]{subsection.2.2.5}{Efeitos Singulares ou Single Event Effects\(SEE\)}{section.2.2}% 17
\BOOKMARK [1][-]{section.2.3}{Dependabilidade}{chapter.2}% 18
\BOOKMARK [1][-]{section.2.4}{Toler\342ncia a Falhas}{chapter.2}% 19
\BOOKMARK [1][-]{section.2.5}{T\351cnicas de Toler\342ncia a Falhas}{chapter.2}% 20
\BOOKMARK [2][-]{subsection.2.5.1}{T\351cnicas de redund\342ncia baseadas em software}{section.2.5}% 21
\BOOKMARK [2][-]{subsection.2.5.2}{Diversidade ou Programa\347\343o N-Vers\365es}{section.2.5}% 22
\BOOKMARK [2][-]{subsection.2.5.3}{Blocos de Recupera\347\343o}{section.2.5}% 23
\BOOKMARK [2][-]{subsection.2.5.4}{Verifica\347\343o de Consist\352ncia}{section.2.5}% 24
\BOOKMARK [1][-]{section.2.6}{Inje\347\343o de Falhas}{chapter.2}% 25
\BOOKMARK [2][-]{subsection.2.6.1}{Inje\347\343o de falhas por Hardware}{section.2.6}% 26
\BOOKMARK [2][-]{subsection.2.6.2}{Inje\347\343o de falhas por Software}{section.2.6}% 27
\BOOKMARK [1][-]{section.2.7}{Design Patterns}{chapter.2}% 28
\BOOKMARK [2][-]{subsection.2.7.1}{Padr\343o GoF \(Padr\365es Fundamentais Originais\)}{section.2.7}% 29
\BOOKMARK [0][-]{chapter.3}{Metodologia}{}% 30
\BOOKMARK [1][-]{section.3.1}{Injetor de Falhas}{chapter.3}% 31
\BOOKMARK [2][-]{subsection.3.1.1}{Mapeamento de Mem\363ria}{section.3.1}% 32
\BOOKMARK [2][-]{subsection.3.1.2}{Inje\347\343o de Falhas na Mem\363ria Flash}{section.3.1}% 33
\BOOKMARK [1][-]{section.3.2}{FaultRecovery: Extens\343o da biblioteca}{chapter.3}% 34
\BOOKMARK [2][-]{subsection.3.2.1}{Refatora\347\343o e Aperfei\347oamento: Vers\343o 1.0}{section.3.2}% 35
\BOOKMARK [2][-]{subsection.3.2.2}{Refatora\347\343o e Aperfei\347oamento: Vers\343o 2.0}{section.3.2}% 36
\BOOKMARK [1][-]{section.3.3}{Classe de Redund\342ncia de Dados: TData}{chapter.3}% 37
\BOOKMARK [2][-]{subsection.3.3.1}{Classe TData com Tipos Primitivos}{section.3.3}% 38
\BOOKMARK [2][-]{subsection.3.3.2}{Um Exemplo Ilus\363rio Para Utiliza\347\343o da Classe TData com Objetos}{section.3.3}% 39
\BOOKMARK [2][-]{subsection.3.3.3}{Classe Carro com Objeto de Pilha}{section.3.3}% 40
\BOOKMARK [2][-]{subsection.3.3.4}{Classe Carro com Ponteiro}{section.3.3}% 41
\BOOKMARK [0][-]{chapter.4}{Resultados}{}% 42
\BOOKMARK [1][-]{section.4.1}{Desempenho da Biblioteca FaultRecovery}{chapter.4}% 43
\BOOKMARK [1][-]{section.4.2}{Desempenho e Efici\352ncia da Classe TData}{chapter.4}% 44
\BOOKMARK [1][-]{section.4.3}{Recupera\347\343o de falhas da biblioteca FaultRecovery}{chapter.4}% 45
\BOOKMARK [1][-]{section.4.4}{Inje\347\343o de Falhas com a Biblioteca FaultInjector}{chapter.4}% 46
\BOOKMARK [0][-]{chapter.5}{Conclus\343o}{}% 47
\BOOKMARK [1][-]{section.5.1}{Contribui\347\365es deste Trabalho}{chapter.5}% 48
\BOOKMARK [1][-]{section.5.2}{Dificuldades Encontradas}{chapter.5}% 49
\BOOKMARK [1][-]{section.5.3}{Trabalhos Futuros}{chapter.5}% 50
\BOOKMARK [0][-]{section*.30}{Refer\352ncias Bibliogr\341ficas}{}% 51
\BOOKMARK [0][-]{chapter*.31}{Ap\352ndices}{}% 52
\BOOKMARK [0][-]{appendix.A}{Anexos}{}% 53
