This is pdfTeX, Version 3.14159265-2.6-1.40.16 (MiKTeX 2.9 64-bit) (preloaded format=pdflatex 2015.10.9)  28 AUG 2016 14:17
entering extended mode
**tcc.tex
(tcc.tex
LaTeX2e <2015/01/01> patch level 2
Babel <3.9m> and hyphenation patterns for 69 languages loaded.
(dct-class.cls ("C:\Program Files\MiKTeX 2.9\tex\latex\base\report.cls"
Document Class: report 2014/09/29 v1.4h Standard LaTeX document class
("C:\Program Files\MiKTeX 2.9\tex\latex\base\size12.clo"
File: size12.clo 2014/09/29 v1.4h Standard LaTeX file (size option)
)
\c@part=\count79
\c@chapter=\count80
\c@section=\count81
\c@subsection=\count82
\c@subsubsection=\count83
\c@paragraph=\count84
\c@subparagraph=\count85
\c@figure=\count86
\c@table=\count87
\abovecaptionskip=\skip41
\belowcaptionskip=\skip42
\bibindent=\dimen102
)
("C:\Program Files\MiKTeX 2.9\tex\latex\base\inputenc.sty"
Package: inputenc 2015/03/17 v1.2c Input encoding file
\inpenc@prehook=\toks14
\inpenc@posthook=\toks15

("C:\Program Files\MiKTeX 2.9\tex\latex\base\utf8.def"
File: utf8.def 2015/06/27 v1.1n UTF-8 support for inputenc
Now handling font encoding OML ...
... no UTF-8 mapping file for font encoding OML
Now handling font encoding T1 ...
... processing UTF-8 mapping file for font encoding T1

("C:\Program Files\MiKTeX 2.9\tex\latex\base\t1enc.dfu"
File: t1enc.dfu 2015/06/27 v1.1n UTF-8 support for inputenc
   defining Unicode char U+00A1 (decimal 161)
   defining Unicode char U+00A3 (decimal 163)
   defining Unicode char U+00AB (decimal 171)
   defining Unicode char U+00BB (decimal 187)
   defining Unicode char U+00BF (decimal 191)
   defining Unicode char U+00C0 (decimal 192)
   defining Unicode char U+00C1 (decimal 193)
   defining Unicode char U+00C2 (decimal 194)
   defining Unicode char U+00C3 (decimal 195)
   defining Unicode char U+00C4 (decimal 196)
   defining Unicode char U+00C5 (decimal 197)
   defining Unicode char U+00C6 (decimal 198)
   defining Unicode char U+00C7 (decimal 199)
   defining Unicode char U+00C8 (decimal 200)
   defining Unicode char U+00C9 (decimal 201)
   defining Unicode char U+00CA (decimal 202)
   defining Unicode char U+00CB (decimal 203)
   defining Unicode char U+00CC (decimal 204)
   defining Unicode char U+00CD (decimal 205)
   defining Unicode char U+00CE (decimal 206)
   defining Unicode char U+00CF (decimal 207)
   defining Unicode char U+00D0 (decimal 208)
   defining Unicode char U+00D1 (decimal 209)
   defining Unicode char U+00D2 (decimal 210)
   defining Unicode char U+00D3 (decimal 211)
   defining Unicode char U+00D4 (decimal 212)
   defining Unicode char U+00D5 (decimal 213)
   defining Unicode char U+00D6 (decimal 214)
   defining Unicode char U+00D8 (decimal 216)
   defining Unicode char U+00D9 (decimal 217)
   defining Unicode char U+00DA (decimal 218)
   defining Unicode char U+00DB (decimal 219)
   defining Unicode char U+00DC (decimal 220)
   defining Unicode char U+00DD (decimal 221)
   defining Unicode char U+00DE (decimal 222)
   defining Unicode char U+00DF (decimal 223)
   defining Unicode char U+00E0 (decimal 224)
   defining Unicode char U+00E1 (decimal 225)
   defining Unicode char U+00E2 (decimal 226)
   defining Unicode char U+00E3 (decimal 227)
   defining Unicode char U+00E4 (decimal 228)
   defining Unicode char U+00E5 (decimal 229)
   defining Unicode char U+00E6 (decimal 230)
   defining Unicode char U+00E7 (decimal 231)
   defining Unicode char U+00E8 (decimal 232)
   defining Unicode char U+00E9 (decimal 233)
   defining Unicode char U+00EA (decimal 234)
   defining Unicode char U+00EB (decimal 235)
   defining Unicode char U+00EC (decimal 236)
   defining Unicode char U+00ED (decimal 237)
   defining Unicode char U+00EE (decimal 238)
   defining Unicode char U+00EF (decimal 239)
   defining Unicode char U+00F0 (decimal 240)
   defining Unicode char U+00F1 (decimal 241)
   defining Unicode char U+00F2 (decimal 242)
   defining Unicode char U+00F3 (decimal 243)
   defining Unicode char U+00F4 (decimal 244)
   defining Unicode char U+00F5 (decimal 245)
   defining Unicode char U+00F6 (decimal 246)
   defining Unicode char U+00F8 (decimal 248)
   defining Unicode char U+00F9 (decimal 249)
   defining Unicode char U+00FA (decimal 250)
   defining Unicode char U+00FB (decimal 251)
   defining Unicode char U+00FC (decimal 252)
   defining Unicode char U+00FD (decimal 253)
   defining Unicode char U+00FE (decimal 254)
   defining Unicode char U+00FF (decimal 255)
   defining Unicode char U+0102 (decimal 258)
   defining Unicode char U+0103 (decimal 259)
   defining Unicode char U+0104 (decimal 260)
   defining Unicode char U+0105 (decimal 261)
   defining Unicode char U+0106 (decimal 262)
   defining Unicode char U+0107 (decimal 263)
   defining Unicode char U+010C (decimal 268)
   defining Unicode char U+010D (decimal 269)
   defining Unicode char U+010E (decimal 270)
   defining Unicode char U+010F (decimal 271)
   defining Unicode char U+0110 (decimal 272)
   defining Unicode char U+0111 (decimal 273)
   defining Unicode char U+0118 (decimal 280)
   defining Unicode char U+0119 (decimal 281)
   defining Unicode char U+011A (decimal 282)
   defining Unicode char U+011B (decimal 283)
   defining Unicode char U+011E (decimal 286)
   defining Unicode char U+011F (decimal 287)
   defining Unicode char U+0130 (decimal 304)
   defining Unicode char U+0131 (decimal 305)
   defining Unicode char U+0132 (decimal 306)
   defining Unicode char U+0133 (decimal 307)
   defining Unicode char U+0139 (decimal 313)
   defining Unicode char U+013A (decimal 314)
   defining Unicode char U+013D (decimal 317)
   defining Unicode char U+013E (decimal 318)
   defining Unicode char U+0141 (decimal 321)
   defining Unicode char U+0142 (decimal 322)
   defining Unicode char U+0143 (decimal 323)
   defining Unicode char U+0144 (decimal 324)
   defining Unicode char U+0147 (decimal 327)
   defining Unicode char U+0148 (decimal 328)
   defining Unicode char U+014A (decimal 330)
   defining Unicode char U+014B (decimal 331)
   defining Unicode char U+0150 (decimal 336)
   defining Unicode char U+0151 (decimal 337)
   defining Unicode char U+0152 (decimal 338)
   defining Unicode char U+0153 (decimal 339)
   defining Unicode char U+0154 (decimal 340)
   defining Unicode char U+0155 (decimal 341)
   defining Unicode char U+0158 (decimal 344)
   defining Unicode char U+0159 (decimal 345)
   defining Unicode char U+015A (decimal 346)
   defining Unicode char U+015B (decimal 347)
   defining Unicode char U+015E (decimal 350)
   defining Unicode char U+015F (decimal 351)
   defining Unicode char U+0160 (decimal 352)
   defining Unicode char U+0161 (decimal 353)
   defining Unicode char U+0162 (decimal 354)
   defining Unicode char U+0163 (decimal 355)
   defining Unicode char U+0164 (decimal 356)
   defining Unicode char U+0165 (decimal 357)
   defining Unicode char U+016E (decimal 366)
   defining Unicode char U+016F (decimal 367)
   defining Unicode char U+0170 (decimal 368)
   defining Unicode char U+0171 (decimal 369)
   defining Unicode char U+0178 (decimal 376)
   defining Unicode char U+0179 (decimal 377)
   defining Unicode char U+017A (decimal 378)
   defining Unicode char U+017B (decimal 379)
   defining Unicode char U+017C (decimal 380)
   defining Unicode char U+017D (decimal 381)
   defining Unicode char U+017E (decimal 382)
   defining Unicode char U+200C (decimal 8204)
   defining Unicode char U+2013 (decimal 8211)
   defining Unicode char U+2014 (decimal 8212)
   defining Unicode char U+2018 (decimal 8216)
   defining Unicode char U+2019 (decimal 8217)
   defining Unicode char U+201A (decimal 8218)
   defining Unicode char U+201C (decimal 8220)
   defining Unicode char U+201D (decimal 8221)
   defining Unicode char U+201E (decimal 8222)
   defining Unicode char U+2030 (decimal 8240)
   defining Unicode char U+2031 (decimal 8241)
   defining Unicode char U+2039 (decimal 8249)
   defining Unicode char U+203A (decimal 8250)
   defining Unicode char U+2423 (decimal 9251)
)
Now handling font encoding OT1 ...
... processing UTF-8 mapping file for font encoding OT1

("C:\Program Files\MiKTeX 2.9\tex\latex\base\ot1enc.dfu"
File: ot1enc.dfu 2015/06/27 v1.1n UTF-8 support for inputenc
   defining Unicode char U+00A1 (decimal 161)
   defining Unicode char U+00A3 (decimal 163)
   defining Unicode char U+00B8 (decimal 184)
   defining Unicode char U+00BF (decimal 191)
   defining Unicode char U+00C5 (decimal 197)
   defining Unicode char U+00C6 (decimal 198)
   defining Unicode char U+00D8 (decimal 216)
   defining Unicode char U+00DF (decimal 223)
   defining Unicode char U+00E6 (decimal 230)
   defining Unicode char U+00EC (decimal 236)
   defining Unicode char U+00ED (decimal 237)
   defining Unicode char U+00EE (decimal 238)
   defining Unicode char U+00EF (decimal 239)
   defining Unicode char U+00F8 (decimal 248)
   defining Unicode char U+0131 (decimal 305)
   defining Unicode char U+0141 (decimal 321)
   defining Unicode char U+0142 (decimal 322)
   defining Unicode char U+0152 (decimal 338)
   defining Unicode char U+0153 (decimal 339)
   defining Unicode char U+2013 (decimal 8211)
   defining Unicode char U+2014 (decimal 8212)
   defining Unicode char U+2018 (decimal 8216)
   defining Unicode char U+2019 (decimal 8217)
   defining Unicode char U+201C (decimal 8220)
   defining Unicode char U+201D (decimal 8221)
)
Now handling font encoding OMS ...
... processing UTF-8 mapping file for font encoding OMS

("C:\Program Files\MiKTeX 2.9\tex\latex\base\omsenc.dfu"
File: omsenc.dfu 2015/06/27 v1.1n UTF-8 support for inputenc
   defining Unicode char U+00A7 (decimal 167)
   defining Unicode char U+00B6 (decimal 182)
   defining Unicode char U+00B7 (decimal 183)
   defining Unicode char U+2020 (decimal 8224)
   defining Unicode char U+2021 (decimal 8225)
   defining Unicode char U+2022 (decimal 8226)
)
Now handling font encoding OMX ...
... no UTF-8 mapping file for font encoding OMX
Now handling font encoding U ...
... no UTF-8 mapping file for font encoding U
   defining Unicode char U+00A9 (decimal 169)
   defining Unicode char U+00AA (decimal 170)
   defining Unicode char U+00AE (decimal 174)
   defining Unicode char U+00BA (decimal 186)
   defining Unicode char U+02C6 (decimal 710)
   defining Unicode char U+02DC (decimal 732)
   defining Unicode char U+200C (decimal 8204)
   defining Unicode char U+2026 (decimal 8230)
   defining Unicode char U+2122 (decimal 8482)
   defining Unicode char U+2423 (decimal 9251)
))
("C:\Program Files\MiKTeX 2.9\tex\generic\babel\babel.sty"
Package: babel 2015/08/03 3.9m The Babel package

*************************************
* Local config file bblopts.cfg used
*
("C:\Program Files\MiKTeX 2.9\tex\latex\00miktex\bblopts.cfg"
File: bblopts.cfg 2006/07/31 v1.0 MiKTeX 'babel' configuration
)
("C:\Program Files\MiKTeX 2.9\tex\latex\babel-portuges\portuges.ldf"
Language: portuges 2008/03/18 v1.2q Portuguese support from the babel system

("C:\Program Files\MiKTeX 2.9\tex\generic\babel\babel.def"
File: babel.def 2015/08/03 3.9m Babel common definitions
\babel@savecnt=\count88
\U@D=\dimen103
)
\l@brazil = a dialect from \language\l@portuges 
Package babel Info: Making " an active character on input line 145.
)
("C:\Program Files\MiKTeX 2.9\tex\latex\babel-portuges\portuges.ldf"
Language: portuges 2008/03/18 v1.2q Portuguese support from the babel system
)

Package babel Warning: Last declared language option is `brazil,
(babel)                but the last processed one was `portuguese'.
(babel)                The main language cannot be set as both a global
(babel)                and a package option. Use `main=brazil' as
(babel)                option. Reported on input line 315.

) ("C:\Program Files\MiKTeX 2.9\tex\latex\amsmath\amsmath.sty"
Package: amsmath 2013/01/14 v2.14 AMS math features
\@mathmargin=\skip43

For additional information on amsmath, use the `?' option.
("C:\Program Files\MiKTeX 2.9\tex\latex\amsmath\amstext.sty"
Package: amstext 2000/06/29 v2.01

("C:\Program Files\MiKTeX 2.9\tex\latex\amsmath\amsgen.sty"
File: amsgen.sty 1999/11/30 v2.0
\@emptytoks=\toks16
\ex@=\dimen104
))
("C:\Program Files\MiKTeX 2.9\tex\latex\amsmath\amsbsy.sty"
Package: amsbsy 1999/11/29 v1.2d
\pmbraise@=\dimen105
)
("C:\Program Files\MiKTeX 2.9\tex\latex\amsmath\amsopn.sty"
Package: amsopn 1999/12/14 v2.01 operator names
)
\inf@bad=\count89
LaTeX Info: Redefining \frac on input line 210.
\uproot@=\count90
\leftroot@=\count91
LaTeX Info: Redefining \overline on input line 306.
\classnum@=\count92
\DOTSCASE@=\count93
LaTeX Info: Redefining \ldots on input line 378.
LaTeX Info: Redefining \dots on input line 381.
LaTeX Info: Redefining \cdots on input line 466.
\Mathstrutbox@=\box26
\strutbox@=\box27
\big@size=\dimen106
LaTeX Font Info:    Redeclaring font encoding OML on input line 566.
LaTeX Font Info:    Redeclaring font encoding OMS on input line 567.
\macc@depth=\count94
\c@MaxMatrixCols=\count95
\dotsspace@=\muskip10
\c@parentequation=\count96
\dspbrk@lvl=\count97
\tag@help=\toks17
\row@=\count98
\column@=\count99
\maxfields@=\count100
\andhelp@=\toks18
\eqnshift@=\dimen107
\alignsep@=\dimen108
\tagshift@=\dimen109
\tagwidth@=\dimen110
\totwidth@=\dimen111
\lineht@=\dimen112
\@envbody=\toks19
\multlinegap=\skip44
\multlinetaggap=\skip45
\mathdisplay@stack=\toks20
LaTeX Info: Redefining \[ on input line 2665.
LaTeX Info: Redefining \] on input line 2666.
)
("C:\Program Files\MiKTeX 2.9\tex\latex\amsfonts\amssymb.sty"
Package: amssymb 2013/01/14 v3.01 AMS font symbols

("C:\Program Files\MiKTeX 2.9\tex\latex\amsfonts\amsfonts.sty"
Package: amsfonts 2013/01/14 v3.01 Basic AMSFonts support
\symAMSa=\mathgroup4
\symAMSb=\mathgroup5
LaTeX Font Info:    Overwriting math alphabet `\mathfrak' in version `bold'
(Font)                  U/euf/m/n --> U/euf/b/n on input line 106.
))
("C:\Program Files\MiKTeX 2.9\tex\latex\float\float.sty"
Package: float 2001/11/08 v1.3d Float enhancements (AL)
\c@float@type=\count101
\float@exts=\toks21
\float@box=\box28
\@float@everytoks=\toks22
\@floatcapt=\box29
)
("C:\Program Files\MiKTeX 2.9\tex\latex\fancyhdr\fancyhdr.sty"
\fancy@headwidth=\skip46
\f@ncyO@elh=\skip47
\f@ncyO@erh=\skip48
\f@ncyO@olh=\skip49
\f@ncyO@orh=\skip50
\f@ncyO@elf=\skip51
\f@ncyO@erf=\skip52
\f@ncyO@olf=\skip53
\f@ncyO@orf=\skip54
)
("C:\Program Files\MiKTeX 2.9\tex\latex\graphics\graphicx.sty"
Package: graphicx 2014/10/28 v1.0g Enhanced LaTeX Graphics (DPC,SPQR)

("C:\Program Files\MiKTeX 2.9\tex\latex\graphics\keyval.sty"
Package: keyval 2014/10/28 v1.15 key=value parser (DPC)
\KV@toks@=\toks23
)
("C:\Program Files\MiKTeX 2.9\tex\latex\graphics\graphics.sty"
Package: graphics 2014/10/28 v1.0p Standard LaTeX Graphics (DPC,SPQR)

("C:\Program Files\MiKTeX 2.9\tex\latex\graphics\trig.sty"
Package: trig 1999/03/16 v1.09 sin cos tan (DPC)
)
("C:\Program Files\MiKTeX 2.9\tex\latex\00miktex\graphics.cfg"
File: graphics.cfg 2007/01/18 v1.5 graphics configuration of teTeX/TeXLive
)
Package graphics Info: Driver file: pdftex.def on input line 94.

("C:\Program Files\MiKTeX 2.9\tex\latex\pdftex-def\pdftex.def"
File: pdftex.def 2011/05/27 v0.06d Graphics/color for pdfTeX

("C:\Program Files\MiKTeX 2.9\tex\generic\oberdiek\infwarerr.sty"
Package: infwarerr 2010/04/08 v1.3 Providing info/warning/error messages (HO)
)
("C:\Program Files\MiKTeX 2.9\tex\generic\oberdiek\ltxcmds.sty"
Package: ltxcmds 2011/11/09 v1.22 LaTeX kernel commands for general use (HO)
)
\Gread@gobject=\count102
))
\Gin@req@height=\dimen113
\Gin@req@width=\dimen114
)
("C:\Program Files\MiKTeX 2.9\tex\latex\hyperref\hyperref.sty"
Package: hyperref 2012/11/06 v6.83m Hypertext links for LaTeX

("C:\Program Files\MiKTeX 2.9\tex\generic\oberdiek\hobsub-hyperref.sty"
Package: hobsub-hyperref 2012/04/25 v1.12 Bundle oberdiek, subset hyperref (HO)


("C:\Program Files\MiKTeX 2.9\tex\generic\oberdiek\hobsub-generic.sty"
Package: hobsub-generic 2012/04/25 v1.12 Bundle oberdiek, subset generic (HO)
Package: hobsub 2012/04/25 v1.12 Construct package bundles (HO)
Package hobsub Info: Skipping package `infwarerr' (already loaded).
Package hobsub Info: Skipping package `ltxcmds' (already loaded).
Package: ifluatex 2010/03/01 v1.3 Provides the ifluatex switch (HO)
Package ifluatex Info: LuaTeX not detected.
Package: ifvtex 2010/03/01 v1.5 Detect VTeX and its facilities (HO)
Package ifvtex Info: VTeX not detected.
Package: intcalc 2007/09/27 v1.1 Expandable calculations with integers (HO)
Package: ifpdf 2011/01/30 v2.3 Provides the ifpdf switch (HO)
Package ifpdf Info: pdfTeX in PDF mode is detected.
Package: etexcmds 2011/02/16 v1.5 Avoid name clashes with e-TeX commands (HO)
Package etexcmds Info: Could not find \expanded.
(etexcmds)             That can mean that you are not using pdfTeX 1.50 or
(etexcmds)             that some package has redefined \expanded.
(etexcmds)             In the latter case, load this package earlier.
Package: kvsetkeys 2012/04/25 v1.16 Key value parser (HO)
Package: kvdefinekeys 2011/04/07 v1.3 Define keys (HO)
Package: pdftexcmds 2011/11/29 v0.20 Utility functions of pdfTeX for LuaTeX (HO
)
Package pdftexcmds Info: LuaTeX not detected.
Package pdftexcmds Info: \pdf@primitive is available.
Package pdftexcmds Info: \pdf@ifprimitive is available.
Package pdftexcmds Info: \pdfdraftmode found.
Package: pdfescape 2011/11/25 v1.13 Implements pdfTeX's escape features (HO)
Package: bigintcalc 2012/04/08 v1.3 Expandable calculations on big integers (HO
)
Package: bitset 2011/01/30 v1.1 Handle bit-vector datatype (HO)
Package: uniquecounter 2011/01/30 v1.2 Provide unlimited unique counter (HO)
)
Package hobsub Info: Skipping package `hobsub' (already loaded).
Package: letltxmacro 2010/09/02 v1.4 Let assignment for LaTeX macros (HO)
Package: hopatch 2011/06/24 v1.1 Wrapper for package hooks (HO)
Package: xcolor-patch 2011/01/30 xcolor patch
Package: atveryend 2011/06/30 v1.8 Hooks at the very end of document (HO)
Package atveryend Info: \enddocument detected (standard20110627).
Package: atbegshi 2011/10/05 v1.16 At begin shipout hook (HO)
Package: refcount 2011/10/16 v3.4 Data extraction from label references (HO)
Package: hycolor 2011/01/30 v1.7 Color options for hyperref/bookmark (HO)
)
("C:\Program Files\MiKTeX 2.9\tex\generic\ifxetex\ifxetex.sty"
Package: ifxetex 2010/09/12 v0.6 Provides ifxetex conditional
)
("C:\Program Files\MiKTeX 2.9\tex\latex\oberdiek\auxhook.sty"
Package: auxhook 2011/03/04 v1.3 Hooks for auxiliary files (HO)
)
("C:\Program Files\MiKTeX 2.9\tex\latex\oberdiek\kvoptions.sty"
Package: kvoptions 2011/06/30 v3.11 Key value format for package options (HO)
)
\@linkdim=\dimen115
\Hy@linkcounter=\count103
\Hy@pagecounter=\count104

("C:\Program Files\MiKTeX 2.9\tex\latex\hyperref\pd1enc.def"
File: pd1enc.def 2012/11/06 v6.83m Hyperref: PDFDocEncoding definition (HO)
Now handling font encoding PD1 ...
... no UTF-8 mapping file for font encoding PD1
)
\Hy@SavedSpaceFactor=\count105

("C:\Program Files\MiKTeX 2.9\tex\latex\00miktex\hyperref.cfg"
File: hyperref.cfg 2002/06/06 v1.2 hyperref configuration of TeXLive
)
Package hyperref Info: Option `plainpages' set `true' on input line 4319.
Package hyperref Info: Hyper figures OFF on input line 4443.
Package hyperref Info: Link nesting OFF on input line 4448.
Package hyperref Info: Hyper index ON on input line 4451.
Package hyperref Info: Plain pages ON on input line 4456.
Package hyperref Info: Backreferencing OFF on input line 4463.
Package hyperref Info: Implicit mode ON; LaTeX internals redefined.
Package hyperref Info: Bookmarks ON on input line 4688.
\c@Hy@tempcnt=\count106

("C:\Program Files\MiKTeX 2.9\tex\latex\url\url.sty"
\Urlmuskip=\muskip11
Package: url 2013/09/16  ver 3.4  Verb mode for urls, etc.
)
LaTeX Info: Redefining \url on input line 5041.
\XeTeXLinkMargin=\dimen116
\Fld@menulength=\count107
\Field@Width=\dimen117
\Fld@charsize=\dimen118
Package hyperref Info: Hyper figures OFF on input line 6295.
Package hyperref Info: Link nesting OFF on input line 6300.
Package hyperref Info: Hyper index ON on input line 6303.
Package hyperref Info: backreferencing OFF on input line 6310.
Package hyperref Info: Link coloring OFF on input line 6315.
Package hyperref Info: Link coloring with OCG OFF on input line 6320.
Package hyperref Info: PDF/A mode OFF on input line 6325.
LaTeX Info: Redefining \ref on input line 6365.
LaTeX Info: Redefining \pageref on input line 6369.
\Hy@abspage=\count108
\c@Item=\count109
\c@Hfootnote=\count110
)

Package hyperref Message: Driver: hpdftex.

("C:\Program Files\MiKTeX 2.9\tex\latex\hyperref\hpdftex.def"
File: hpdftex.def 2012/11/06 v6.83m Hyperref driver for pdfTeX
\Fld@listcount=\count111
\c@bookmark@seq@number=\count112

("C:\Program Files\MiKTeX 2.9\tex\latex\oberdiek\rerunfilecheck.sty"
Package: rerunfilecheck 2011/04/15 v1.7 Rerun checks for auxiliary files (HO)
Package uniquecounter Info: New unique counter `rerunfilecheck' on input line 2
82.
)
\Hy@SectionHShift=\skip55
)
Package hyperref Info: Option `colorlinks' set `true' on input line 27.
\c@theorem=\count113
\c@definition=\count114

("C:\Program Files\MiKTeX 2.9\tex\latex\listings\listings.sty"
\lst@mode=\count115
\lst@gtempboxa=\box30
\lst@token=\toks24
\lst@length=\count116
\lst@currlwidth=\dimen119
\lst@column=\count117
\lst@pos=\count118
\lst@lostspace=\dimen120
\lst@width=\dimen121
\lst@newlines=\count119
\lst@lineno=\count120
\lst@maxwidth=\dimen122

("C:\Program Files\MiKTeX 2.9\tex\latex\listings\lstmisc.sty"
File: lstmisc.sty 2015/06/04 1.6 (Carsten Heinz)
\c@lstnumber=\count121
\lst@skipnumbers=\count122
\lst@framebox=\box31
)
("C:\Program Files\MiKTeX 2.9\tex\latex\listings\listings.cfg"
File: listings.cfg 2015/06/04 1.6 listings configuration
))
Package: listings 2015/06/04 1.6 (Carsten Heinz)

("C:\Program Files\MiKTeX 2.9\tex\latex\graphics\color.sty"
Package: color 2014/10/28 v1.1a Standard LaTeX Color (DPC)

("C:\Program Files\MiKTeX 2.9\tex\latex\00miktex\color.cfg"
File: color.cfg 2007/01/18 v1.5 color configuration of teTeX/TeXLive
)
Package color Info: Driver file: pdftex.def on input line 142.
)
("C:\Program Files\MiKTeX 2.9\tex\latex\listings\lstlang1.sty"
File: lstlang1.sty 2015/06/04 1.6 listings language file
)
("C:\Program Files\MiKTeX 2.9\tex\latex\listings\lstlang1.sty"
File: lstlang1.sty 2015/06/04 1.6 listings language file
)
("C:\Program Files\MiKTeX 2.9\tex\latex\listings\lstmisc.sty"
File: lstmisc.sty 2015/06/04 1.6 (Carsten Heinz)
))
("C:\Program Files\MiKTeX 2.9\tex\latex\geometry\geometry.sty"
Package: geometry 2010/09/12 v5.6 Page Geometry
\Gm@cnth=\count123
\Gm@cntv=\count124
\c@Gm@tempcnt=\count125
\Gm@bindingoffset=\dimen123
\Gm@wd@mp=\dimen124
\Gm@odd@mp=\dimen125
\Gm@even@mp=\dimen126
\Gm@layoutwidth=\dimen127
\Gm@layoutheight=\dimen128
\Gm@layouthoffset=\dimen129
\Gm@layoutvoffset=\dimen130
\Gm@dimlist=\toks25

("C:\Program Files\MiKTeX 2.9\tex\latex\geometry\geometry.cfg"))
("C:\Program Files\MiKTeX 2.9\tex\latex\caption\caption.sty"
Package: caption 2015/09/17 v3.3-111 Customizing captions (AR)

("C:\Program Files\MiKTeX 2.9\tex\latex\caption\caption3.sty"
Package: caption3 2015/09/20 v1.7-115 caption3 kernel (AR)
Package caption3 Info: TeX engine: e-TeX on input line 57.
\captionmargin=\dimen131
\captionmargin@=\dimen132
\captionwidth=\dimen133
\caption@tempdima=\dimen134
\caption@indent=\dimen135
\caption@parindent=\dimen136
\caption@hangindent=\dimen137
)
\c@ContinuedFloat=\count126
Package caption Info: float package is loaded.
Package caption Info: hyperref package is loaded.
Package caption Info: listings package is loaded.
)
("C:\Program Files\MiKTeX 2.9\tex\latex\caption\subcaption.sty"
Package: subcaption 2015/09/15 v1.1-100 Sub-captions (AR)
\c@subfigure=\count127
\c@subtable=\count128
)
("C:\Program Files\MiKTeX 2.9\tex\latex\pdfpages\pdfpages.sty"
Package: pdfpages 2015/09/18 v0.5d Insert pages of external PDF documents (AM)

("C:\Program Files\MiKTeX 2.9\tex\latex\base\ifthen.sty"
Package: ifthen 2014/09/29 v1.1c Standard LaTeX ifthen package (DPC)
)
("C:\Program Files\MiKTeX 2.9\tex\latex\tools\calc.sty"
Package: calc 2014/10/28 v4.3 Infix arithmetic (KKT,FJ)
\calc@Acount=\count129
\calc@Bcount=\count130
\calc@Adimen=\dimen138
\calc@Bdimen=\dimen139
\calc@Askip=\skip56
\calc@Bskip=\skip57
LaTeX Info: Redefining \setlength on input line 80.
LaTeX Info: Redefining \addtolength on input line 81.
\calc@Ccount=\count131
\calc@Cskip=\skip58
)
("C:\Program Files\MiKTeX 2.9\tex\latex\eso-pic\eso-pic.sty"
Package: eso-pic 2015/07/21 v2.0g eso-pic (RN)
)
\AM@pagewidth=\dimen140
\AM@pageheight=\dimen141

("C:\Program Files\MiKTeX 2.9\tex\latex\pdfpages\pppdftex.def"
File: pppdftex.def 2015/09/18 v0.5d Pdfpages driver for pdfTeX (AM)
)
\AM@pagebox=\box32
\AM@toc@title=\toks26
\c@AM@survey=\count132
\AM@templatesizebox=\box33
)
("C:\Program Files\MiKTeX 2.9\tex\latex\base\fontenc.sty"
Package: fontenc 2005/09/27 v1.99g Standard LaTeX package

("C:\Program Files\MiKTeX 2.9\tex\latex\base\t1enc.def"
File: t1enc.def 2005/09/27 v1.99g Standard LaTeX file
LaTeX Font Info:    Redeclaring font encoding T1 on input line 48.
))
("C:\Program Files\MiKTeX 2.9\tex\latex\setspace\setspace.sty"
Package: setspace 2011/12/19 v6.7a set line spacing
)
("C:\Program Files\MiKTeX 2.9\tex\latex\tools\multicol.sty"
Package: multicol 2015/03/31 v1.8m multicolumn formatting (FMi)
\c@tracingmulticols=\count133
\mult@box=\box34
\multicol@leftmargin=\dimen142
\c@unbalance=\count134
\c@collectmore=\count135
\doublecol@number=\count136
\multicoltolerance=\count137
\multicolpretolerance=\count138
\full@width=\dimen143
\page@free=\dimen144
\premulticols=\dimen145
\postmulticols=\dimen146
\multicolsep=\skip59
\multicolbaselineskip=\skip60
\partial@page=\box35
\last@line=\box36
\maxbalancingoverflow=\dimen147
\mult@rightbox=\box37
\mult@grightbox=\box38
\mult@gfirstbox=\box39
\mult@firstbox=\box40
\@tempa=\box41
\@tempa=\box42
\@tempa=\box43
\@tempa=\box44
\@tempa=\box45
\@tempa=\box46
\@tempa=\box47
\@tempa=\box48
\@tempa=\box49
\@tempa=\box50
\@tempa=\box51
\@tempa=\box52
\@tempa=\box53
\@tempa=\box54
\@tempa=\box55
\@tempa=\box56
\@tempa=\box57
\c@columnbadness=\count139
\c@finalcolumnbadness=\count140
\last@try=\dimen148
\multicolovershoot=\dimen149
\multicolundershoot=\dimen150
\mult@nat@firstbox=\box58
\colbreak@box=\box59
\mc@col@check@num=\count141
)
("C:\Program Files\MiKTeX 2.9\tex\latex\booktabs\booktabs.sty"
Package: booktabs 2005/04/14 v1.61803 publication quality tables
\heavyrulewidth=\dimen151
\lightrulewidth=\dimen152
\cmidrulewidth=\dimen153
\belowrulesep=\dimen154
\belowbottomsep=\dimen155
\aboverulesep=\dimen156
\abovetopsep=\dimen157
\cmidrulesep=\dimen158
\cmidrulekern=\dimen159
\defaultaddspace=\dimen160
\@cmidla=\count142
\@cmidlb=\count143
\@aboverulesep=\dimen161
\@belowrulesep=\dimen162
\@thisruleclass=\count144
\@lastruleclass=\count145
\@thisrulewidth=\dimen163
)
("C:\Program Files\MiKTeX 2.9\tex\latex\tools\array.sty"
Package: array 2014/10/28 v2.4c Tabular extension package (FMi)
\col@sep=\dimen164
\extrarowheight=\dimen165
\NC@list=\toks27
\extratabsurround=\skip61
\backup@length=\skip62
) (tcc.aux
(cabecalho.aux) (resumo.aux) (abstract.aux) (agradecimentos.aux)
(introducao.aux) (fundamentacao.aux) (metodologia.aux) (resultados.aux)
(conclusao.aux) (apendice.aux))
LaTeX Font Info:    Checking defaults for OML/cmm/m/it on input line 42.
LaTeX Font Info:    ... okay on input line 42.
LaTeX Font Info:    Checking defaults for T1/cmr/m/n on input line 42.
LaTeX Font Info:    ... okay on input line 42.
LaTeX Font Info:    Checking defaults for OT1/cmr/m/n on input line 42.
LaTeX Font Info:    ... okay on input line 42.
LaTeX Font Info:    Checking defaults for OMS/cmsy/m/n on input line 42.
LaTeX Font Info:    ... okay on input line 42.
LaTeX Font Info:    Checking defaults for OMX/cmex/m/n on input line 42.
LaTeX Font Info:    ... okay on input line 42.
LaTeX Font Info:    Checking defaults for U/cmr/m/n on input line 42.
LaTeX Font Info:    ... okay on input line 42.
LaTeX Font Info:    Checking defaults for PD1/pdf/m/n on input line 42.
LaTeX Font Info:    ... okay on input line 42.

("C:\Program Files\MiKTeX 2.9\tex\context\base\supp-pdf.mkii"
[Loading MPS to PDF converter (version 2006.09.02).]
\scratchcounter=\count146
\scratchdimen=\dimen166
\scratchbox=\box60
\nofMPsegments=\count147
\nofMParguments=\count148
\everyMPshowfont=\toks28
\MPscratchCnt=\count149
\MPscratchDim=\dimen167
\MPnumerator=\count150
\makeMPintoPDFobject=\count151
\everyMPtoPDFconversion=\toks29
)
\AtBeginShipoutBox=\box61
Package hyperref Info: Link coloring ON on input line 42.
 ("C:\Program Files\MiKTeX 2.9\tex\latex\hyperref\nameref.sty"
Package: nameref 2012/10/27 v2.43 Cross-referencing by name of section

("C:\Program Files\MiKTeX 2.9\tex\generic\oberdiek\gettitlestring.sty"
Package: gettitlestring 2010/12/03 v1.4 Cleanup title references (HO)
)
\c@section@level=\count152
)
LaTeX Info: Redefining \ref on input line 42.
LaTeX Info: Redefining \pageref on input line 42.
LaTeX Info: Redefining \nameref on input line 42.

(tcc.out) (tcc.out)
\@outlinefile=\write3
\c@lstlisting=\count153

*geometry* driver: auto-detecting
*geometry* detected driver: pdftex
*geometry* verbose mode - [ preamble ] result:
* driver: pdftex
* paper: a4paper
* layout: <same size as paper>
* layoutoffset:(h,v)=(0.0pt,0.0pt)
* modes: 
* h-part:(L,W,R)=(71.13188pt, 469.47049pt, 56.9055pt)
* v-part:(T,H,B)=(85.35826pt, 688.5567pt, 71.13188pt)
* \paperwidth=597.50787pt
* \paperheight=845.04684pt
* \textwidth=469.47049pt
* \textheight=688.5567pt
* \oddsidemargin=-1.1381pt
* \evensidemargin=-1.1381pt
* \topmargin=-28.98337pt
* \headheight=17.07164pt
* \headsep=25.0pt
* \topskip=12.0pt
* \footskip=30.0pt
* \marginparwidth=35.0pt
* \marginparsep=10.0pt
* \columnsep=10.0pt
* \skip\footins=10.8pt plus 4.0pt minus 2.0pt
* \hoffset=0.0pt
* \voffset=0.0pt
* \mag=1000
* \@twocolumnfalse
* \@twosidefalse
* \@mparswitchfalse
* \@reversemarginfalse
* (1in=72.27pt=25.4mm, 1cm=28.453pt)

Package caption Info: Begin \AtBeginDocument code.
Package caption Info: End \AtBeginDocument code.
("C:\Program Files\MiKTeX 2.9\tex\latex\oberdiek\pdflscape.sty"
Package: pdflscape 2008/08/11 v0.10 Display of landscape pages in PDF (HO)

("C:\Program Files\MiKTeX 2.9\tex\latex\graphics\lscape.sty"
Package: lscape 2000/10/22 v3.01 Landscape Pages (DPC)
)
Package pdflscape Info: Auto-detected driver: pdftex on input line 80.
) (cabecalho.tex
<figuras/ufms-logo.jpg, id=215, 615.80063pt x 780.66656pt>
File: figuras/ufms-logo.jpg Graphic file (type jpg)

<use figuras/ufms-logo.jpg>
Package pdftex.def Info: figuras/ufms-logo.jpg used on input line 23.
(pdftex.def)             Requested size: 92.3661pt x 117.09492pt.
Package babel Info: Redefining portuges shorthand "|
(babel)             in language  on input line 33.
 [1


{C:/Users/Cleiton Gon√ßalves/AppData/Local/MiKTeX/2.9/pdftex/config/pdftex.map}
 <./figuras/ufms-logo.jpg>]
LaTeX Font Info:    Try loading font information for OMS+cmr on input line 57.

("C:\Program Files\MiKTeX 2.9\tex\latex\base\omscmr.fd"
File: omscmr.fd 2014/09/29 v2.5h Standard LaTeX font definitions
)
LaTeX Font Info:    Font shape `OMS/cmr/m/n' in size <12> not available
(Font)              Font shape `OMS/cmsy/m/n' tried instead on input line 57.
)
Package babel Info: Redefining portuges shorthand "|
(babel)             in language  on input line 45.
 [2

] (resumo.tex)
Package babel Info: Redefining portuges shorthand "|
(babel)             in language  on input line 46.

[3



]
Package babel Info: Redefining portuges shorthand "|
(babel)             in language  on input line 46.
 [4] (abstract.tex)
Package babel Info: Redefining portuges shorthand "|
(babel)             in language  on input line 47.
 [5



] (agradecimentos.tex)
Package babel Info: Redefining portuges shorthand "|
(babel)             in language  on input line 48.
 [6



] (tcc.toc
LaTeX Font Info:    Try loading font information for U+msa on input line 6.

("C:\Program Files\MiKTeX 2.9\tex\latex\amsfonts\umsa.fd"
File: umsa.fd 2013/01/14 v3.01 AMS symbols A
)
LaTeX Font Info:    Try loading font information for U+msb on input line 6.

("C:\Program Files\MiKTeX 2.9\tex\latex\amsfonts\umsb.fd"
File: umsb.fd 2013/01/14 v3.01 AMS symbols B
)
Package babel Info: Redefining portuges shorthand "|
(babel)             in language  on input line 25.
 [7


]
Package babel Info: Redefining portuges shorthand "|
(babel)             in language  on input line 53.
 [8])
\tf@toc=\write4
Package babel Info: Redefining portuges shorthand "|
(babel)             in language  on input line 58.
 [9]
Package babel Info: Redefining portuges shorthand "|
(babel)             in language  on input line 60.

(tcc.lof)
\tf@lof=\write5
Package babel Info: Redefining portuges shorthand "|
(babel)             in language  on input line 63.
 [10


]
Package babel Info: Redefining portuges shorthand "|
(babel)             in language  on input line 65.
 (tcc.lot)
\tf@lot=\write6
Package babel Info: Redefining portuges shorthand "|
(babel)             in language  on input line 73.
 [11


]
Package babel Info: Redefining portuges shorthand "|
(babel)             in language  on input line 75.
 (tcc.lol)
\tf@lol=\write7
Package babel Info: Redefining portuges shorthand "|
(babel)             in language  on input line 95.
 [12


] (introducao.tex
Cap\'{\i }tulo 1.
Package babel Info: Redefining portuges shorthand "|
(babel)             in language  on input line 14.
Package babel Info: Redefining portuges shorthand "|
(babel)             in language  on input line 24.
Package babel Info: Redefining portuges shorthand "|
(babel)             in language  on input line 27.
[13


]

LaTeX Warning: Citation `Pressman:2005' on page 14 undefined on input line 30.


LaTeX Warning: Citation `Taurion:2005' on page 14 undefined on input line 30.


LaTeX Warning: Citation `Carvalho:2006' on page 14 undefined on input line 32.

Package babel Info: Redefining portuges shorthand "|
(babel)             in language  on input line 35.
Package babel Info: Redefining portuges shorthand "|
(babel)             in language  on input line 37.
Package babel Info: Redefining portuges shorthand "|
(babel)             in language  on input line 40.
[14]
Package babel Info: Redefining portuges shorthand "|
(babel)             in language  on input line 48.
Package babel Info: Redefining portuges shorthand "|
(babel)             in language  on input line 70.
 [15]
Package babel Info: Redefining portuges shorthand "|
(babel)             in language  on input line 72.
)
Package babel Info: Redefining portuges shorthand "|
(babel)             in language  on input line 95.
 [16] (fundamentacao.tex
Cap\'{\i }tulo 2.
Package babel Info: Redefining portuges shorthand "|
(babel)             in language  on input line 13.
Package babel Info: Redefining portuges shorthand "|
(babel)             in language  on input line 17.
<figuras/modeloUniverso.jpg, id=485, 590.95781pt x 264.99pt>
File: figuras/modeloUniverso.jpg Graphic file (type jpg)

<use figuras/modeloUniverso.jpg>
Package pdftex.def Info: figuras/modeloUniverso.jpg used on input line 25.
(pdftex.def)             Requested size: 328.6279pt x 147.3623pt.
Package babel Info: Redefining portuges shorthand "|
(babel)             in language  on input line 30.
 [17



]
Package babel Info: Redefining portuges shorthand "|
(babel)             in language  on input line 33.
Package babel Info: Redefining portuges shorthand "|
(babel)             in language  on input line 40.


Package Fancyhdr Warning: \headheight is too small (17.07164pt): 
 Make it at least 27.11469pt.
 We now make it that large for the rest of the document.
 This may cause the page layout to be inconsistent, however.

Package babel Info: Redefining portuges shorthand "|
(babel)             in language  on input line 43.
[18 <./figuras/modeloUniverso.jpg>]
<figuras/cinturao.jpg, id=511, 382.42876pt x 151.3153pt>
File: figuras/cinturao.jpg Graphic file (type jpg)

<use figuras/cinturao.jpg>
Package pdftex.def Info: figuras/cinturao.jpg used on input line 46.
(pdftex.def)             Requested size: 328.6279pt x 130.03395pt.
Package babel Info: Redefining portuges shorthand "|
(babel)             in language  on input line 52.
Package babel Info: Redefining portuges shorthand "|
(babel)             in language  on input line 64.


Package Fancyhdr Warning: \headheight is too small (17.07164pt): 
 Make it at least 27.11469pt.
 We now make it that large for the rest of the document.
 This may cause the page layout to be inconsistent, however.

Package babel Info: Redefining portuges shorthand "|
(babel)             in language  on input line 67.
[19 <./figuras/cinturao.jpg>]
Package babel Info: Redefining portuges shorthand "|
(babel)             in language  on input line 71.
Package babel Info: Redefining portuges shorthand "|
(babel)             in language  on input line 76.


Package Fancyhdr Warning: \headheight is too small (17.07164pt): 
 Make it at least 27.11469pt.
 We now make it that large for the rest of the document.
 This may cause the page layout to be inconsistent, however.

Package babel Info: Redefining portuges shorthand "|
(babel)             in language  on input line 82.
[20]
Package babel Info: Redefining portuges shorthand "|
(babel)             in language  on input line 87.
 <figuras/tabelaDenpendabilidade.jpg, id=542, 718.18312pt x 350.05782pt>
File: figuras/tabelaDenpendabilidade.jpg Graphic file (type jpg)

<use figuras/tabelaDenpendabilidade.jpg>
Package pdftex.def Info: figuras/tabelaDenpendabilidade.jpg used on input line 
97.
(pdftex.def)             Requested size: 328.6279pt x 160.18459pt.
Package babel Info: Redefining portuges shorthand "|
(babel)             in language  on input line 105.
Package babel Info: Redefining portuges shorthand "|
(babel)             in language  on input line 110.
 [21 <./figuras/tabelaDenpendabilidade.jpg>] <figuras/falhasCaracteristicas.jpg
, id=557, 774.4935pt x 269.0853pt>
File: figuras/falhasCaracteristicas.jpg Graphic file (type jpg)

<use figuras/falhasCaracteristicas.jpg>
Package pdftex.def Info: figuras/falhasCaracteristicas.jpg used on input line 1
15.
(pdftex.def)             Requested size: 328.6279pt x 114.17702pt.
Package babel Info: Redefining portuges shorthand "|
(babel)             in language  on input line 137.
Package babel Info: Redefining portuges shorthand "|
(babel)             in language  on input line 142.
 [22 <./figuras/falhasCaracteristicas.jpg>]
Package babel Info: Redefining portuges shorthand "|
(babel)             in language  on input line 143.
Package babel Info: Redefining portuges shorthand "|
(babel)             in language  on input line 158.
 <figuras/nVersions.jpg, id=576, 427.5975pt x 200.24812pt>
File: figuras/nVersions.jpg Graphic file (type jpg)

<use figuras/nVersions.jpg>
Package pdftex.def Info: figuras/nVersions.jpg used on input line 164.
(pdftex.def)             Requested size: 328.6279pt x 153.8982pt.
Package babel Info: Redefining portuges shorthand "|
(babel)             in language  on input line 169.
 [23]
Package babel Info: Redefining portuges shorthand "|
(babel)             in language  on input line 172.

<figuras/blocoRecuperacao.jpg, id=588, 487.06969pt x 273.27094pt>
File: figuras/blocoRecuperacao.jpg Graphic file (type jpg)

<use figuras/blocoRecuperacao.jpg>
Package pdftex.def Info: figuras/blocoRecuperacao.jpg used on input line 178.
(pdftex.def)             Requested size: 328.6279pt x 184.37901pt.
Package babel Info: Redefining portuges shorthand "|
(babel)             in language  on input line 185.
Package babel Info: Redefining portuges shorthand "|
(babel)             in language  on input line 188.
 [24 <./figuras/nVersions.jpg> <./figuras/blocoRecuperacao.jpg>]
Package babel Info: Redefining portuges shorthand "|
(babel)             in language  on input line 189.
Package babel Info: Redefining portuges shorthand "|
(babel)             in language  on input line 199.
Package babel Info: Redefining portuges shorthand "|
(babel)             in language  on input line 202.
 [25]
Package babel Info: Redefining portuges shorthand "|
(babel)             in language  on input line 204.
Package babel Info: Redefining portuges shorthand "|
(babel)             in language  on input line 209.
Package babel Info: Redefining portuges shorthand "|
(babel)             in language  on input line 227.
)
Package babel Info: Redefining portuges shorthand "|
(babel)             in language  on input line 96.
 [26]
Package babel Info: Redefining portuges shorthand "|
(babel)             in language  on input line 96.
 [27] (metodologia.tex
Cap\'{\i }tulo 3.
Package babel Info: Redefining portuges shorthand "|
(babel)             in language  on input line 14.
Package babel Info: Redefining portuges shorthand "|
(babel)             in language  on input line 38.
Package babel Info: Redefining portuges shorthand "|
(babel)             in language  on input line 41.
[28



]
Package babel Info: Redefining portuges shorthand "|
(babel)             in language  on input line 42.


LaTeX Warning: Reference `Func:MemoryMap' on page 29 undefined on input line 50
.

Package babel Info: Redefining portuges shorthand "|
(babel)             in language  on input line 58.
[29] <figuras/memoryMap.jpg, id=670, 490.08093pt x 408.77719pt>
File: figuras/memoryMap.jpg Graphic file (type jpg)

<use figuras/memoryMap.jpg>
Package pdftex.def Info: figuras/memoryMap.jpg used on input line 65.
(pdftex.def)             Requested size: 328.6279pt x 274.1163pt.
Package babel Info: Redefining portuges shorthand "|
(babel)             in language  on input line 72.


LaTeX Warning: Reference `manualLpc176x:2016' on page 30 undefined on input lin
e 76.

Package babel Info: Redefining portuges shorthand "|
(babel)             in language  on input line 77.
[30 <./figuras/memoryMap.jpg>]
LaTeX Font Info:    Try loading font information for T1+cmtt on input line 78.

("C:\Program Files\MiKTeX 2.9\tex\latex\base\t1cmtt.fd"
File: t1cmtt.fd 2014/09/29 v2.5h Standard LaTeX font definitions
)
Package babel Info: Redefining portuges shorthand "|
(babel)             in language  on input line 95.
Package hyperref Info: bookmark level for unknown lstlisting defaults to 0 on i
nput line 99.

("C:\Program Files\MiKTeX 2.9\tex\latex\base\utf8.def"
File: utf8.def 2015/06/27 v1.1n UTF-8 support for inputenc
)
LaTeX Font Info:    Font shape `T1/cmtt/bx/n' in size <12> not available
(Font)              Font shape `T1/cmtt/m/n' tried instead on input line 100.

("C:\Program Files\MiKTeX 2.9\tex\latex\base\utf8.def"
File: utf8.def 2015/06/27 v1.1n UTF-8 support for inputenc
)
Package babel Info: Redefining portuges shorthand "|
(babel)             in language  on input line 104.
 [31]
Package babel Info: Redefining portuges shorthand "|
(babel)             in language  on input line 113.

<figuras/diagramaFaultRecovery.jpg, id=694, 756.57657pt x 340.27126pt>
File: figuras/diagramaFaultRecovery.jpg Graphic file (type jpg)

<use figuras/diagramaFaultRecovery.jpg>
Package pdftex.def Info: figuras/diagramaFaultRecovery.jpg used on input line 1
19.
(pdftex.def)             Requested size: 469.47049pt x 211.14772pt.
Package babel Info: Redefining portuges shorthand "|
(babel)             in language  on input line 126.
 [32 <./figuras/diagramaFaultRecovery.jpg>]
Package babel Info: Redefining portuges shorthand "|
(babel)             in language  on input line 139.
 [33] ("C:\Program Files\MiKTeX 2.9\tex\latex\base\utf8.def"
File: utf8.def 2015/06/27 v1.1n UTF-8 support for inputenc
)
Package babel Info: Redefining portuges shorthand "|
(babel)             in language  on input line 172.
 [34]
Package babel Info: Redefining portuges shorthand "|
(babel)             in language  on input line 178.
Package babel Info: Redefining portuges shorthand "|
(babel)             in language  on input line 187.
 [35]
Package babel Info: Redefining portuges shorthand "|
(babel)             in language  on input line 189.

[36] ("C:\Program Files\MiKTeX 2.9\tex\latex\base\utf8.def"
File: utf8.def 2015/06/27 v1.1n UTF-8 support for inputenc
)
Package babel Info: Redefining portuges shorthand "|
(babel)             in language  on input line 206.
Package babel Info: Redefining portuges shorthand "|
(babel)             in language  on input line 211.
Package babel Info: Redefining portuges shorthand "|
(babel)             in language  on input line 214.
 [37]
("C:\Program Files\MiKTeX 2.9\tex\latex\base\utf8.def"
File: utf8.def 2015/06/27 v1.1n UTF-8 support for inputenc
)
("C:\Program Files\MiKTeX 2.9\tex\latex\base\utf8.def"
File: utf8.def 2015/06/27 v1.1n UTF-8 support for inputenc
)
<figuras/tdataPrimitivo.jpg, id=766, 691.08188pt x 175.40532pt>
File: figuras/tdataPrimitivo.jpg Graphic file (type jpg)

<use figuras/tdataPrimitivo.jpg>
Package pdftex.def Info: figuras/tdataPrimitivo.jpg used on input line 250.
(pdftex.def)             Requested size: 469.47049pt x 119.15894pt.
Package babel Info: Redefining portuges shorthand "|
(babel)             in language  on input line 255.
 [38]
Package babel Info: Redefining portuges shorthand "|
(babel)             in language  on input line 257.


LaTeX Warning: Reference `Func:TData' on page 39 undefined on input line 263.

("C:\Program Files\MiKTeX 2.9\tex\latex\base\utf8.def"
File: utf8.def 2015/06/27 v1.1n UTF-8 support for inputenc
)
Package babel Info: Redefining portuges shorthand "|
(babel)             in language  on input line 275.
 [39 <./figuras/tdataPrimitivo.jpg>]
Package babel Info: Redefining portuges shorthand "|
(babel)             in language  on input line 289.
 [40] ("C:\Program Files\MiKTeX 2.9\tex\latex\base\utf8.def"
File: utf8.def 2015/06/27 v1.1n UTF-8 support for inputenc
)
Package babel Info: Redefining portuges shorthand "|
(babel)             in language  on input line 323.
Package babel Info: Redefining portuges shorthand "|
(babel)             in language  on input line 328.

[41] ("C:\Program Files\MiKTeX 2.9\tex\latex\base\utf8.def"
File: utf8.def 2015/06/27 v1.1n UTF-8 support for inputenc
)
Package babel Info: Redefining portuges shorthand "|
(babel)             in language  on input line 357.
 [42]
("C:\Program Files\MiKTeX 2.9\tex\latex\base\utf8.def"
File: utf8.def 2015/06/27 v1.1n UTF-8 support for inputenc
)
<figuras/tdataObjetoPilha.jpg, id=891, 693.34032pt x 178.41656pt>
File: figuras/tdataObjetoPilha.jpg Graphic file (type jpg)

<use figuras/tdataObjetoPilha.jpg>
Package pdftex.def Info: figuras/tdataObjetoPilha.jpg used on input line 366.
(pdftex.def)             Requested size: 469.47049pt x 120.81255pt.
Package babel Info: Redefining portuges shorthand "|
(babel)             in language  on input line 372.

("C:\Program Files\MiKTeX 2.9\tex\latex\base\utf8.def"
File: utf8.def 2015/06/27 v1.1n UTF-8 support for inputenc
)
Package babel Info: Redefining portuges shorthand "|
(babel)             in language  on input line 391.
 [43 <./figuras/tdataObjetoPilha.jpg>] ("C:\Program Files\MiKTeX 2.9\tex\latex\
base\utf8.def"
File: utf8.def 2015/06/27 v1.1n UTF-8 support for inputenc
)
Package babel Info: Redefining portuges shorthand "|
(babel)             in language  on input line 432.
 [44]
("C:\Program Files\MiKTeX 2.9\tex\latex\base\utf8.def"
File: utf8.def 2015/06/27 v1.1n UTF-8 support for inputenc
)
<figuras/tdataPonteiro.jpg, id=960, 685.05937pt x 182.18062pt>
File: figuras/tdataPonteiro.jpg Graphic file (type jpg)

<use figuras/tdataPonteiro.jpg>
Package pdftex.def Info: figuras/tdataPonteiro.jpg used on input line 444.
(pdftex.def)             Requested size: 469.47049pt x 124.85133pt.

("C:\Program Files\MiKTeX 2.9\tex\latex\base\utf8.def"
File: utf8.def 2015/06/27 v1.1n UTF-8 support for inputenc
)
("C:\Program Files\MiKTeX 2.9\tex\latex\base\utf8.def"
File: utf8.def 2015/06/27 v1.1n UTF-8 support for inputenc
)
Package babel Info: Redefining portuges shorthand "|
(babel)             in language  on input line 462.
 [45 <./figuras/tdataPonteiro.jpg>] ("C:\Program Files\MiKTeX 2.9\tex\latex\bas
e\utf8.def"
File: utf8.def 2015/06/27 v1.1n UTF-8 support for inputenc
)
<figuras/tdataSetando.jpg, id=982, 692.5875pt x 190.46156pt>
File: figuras/tdataSetando.jpg Graphic file (type jpg)

<use figuras/tdataSetando.jpg>
Package pdftex.def Info: figuras/tdataSetando.jpg used on input line 504.
(pdftex.def)             Requested size: 469.47049pt x 129.10817pt.
)
Package babel Info: Redefining portuges shorthand "|
(babel)             in language  on input line 97.
 [46]
Package babel Info: Redefining portuges shorthand "|
(babel)             in language  on input line 97.
 [47 <./figuras/tdataSetando.jpg>]
(resultados.tex
Cap\'{\i }tulo 4.
Package babel Info: Redefining portuges shorthand "|
(babel)             in language  on input line 14.
Package babel Info: Redefining portuges shorthand "|
(babel)             in language  on input line 18.
<figuras/tempoRecovery.jpg, id=1031, 589.4522pt x 315.42844pt>
File: figuras/tempoRecovery.jpg Graphic file (type jpg)

<use figuras/tempoRecovery.jpg>
Package pdftex.def Info: figuras/tempoRecovery.jpg used on input line 28.
(pdftex.def)             Requested size: 422.52057pt x 226.10237pt.


LaTeX Warning: `h' float specifier changed to `ht'.

Package babel Info: Redefining portuges shorthand "|
(babel)             in language  on input line 33.
[48



] <figuras/tempoRecovery2.jpg, id=1040, 515.67656pt x 61.73062pt>
File: figuras/tempoRecovery2.jpg Graphic file (type jpg)

<use figuras/tempoRecovery2.jpg>
Package pdftex.def Info: figuras/tempoRecovery2.jpg used on input line 38.
(pdftex.def)             Requested size: 422.52057pt x 50.5808pt.
Package babel Info: Redefining portuges shorthand "|
(babel)             in language  on input line 43.
 [49 <./figuras/tempoRecovery.jpg> <./figuras/tempoRecovery2.jpg>]
Package babel Info: Redefining portuges shorthand "|
(babel)             in language  on input line 44.
 <figuras/tempoTData.jpg, id=1050, 794.2172pt x 542.025pt>
File: figuras/tempoTData.jpg Graphic file (type jpg)

<use figuras/tempoTData.jpg>
Package pdftex.def Info: figuras/tempoTData.jpg used on input line 55.
(pdftex.def)             Requested size: 422.52057pt x 288.3636pt.


LaTeX Warning: `h' float specifier changed to `ht'.

<figuras/falhaTData.jpg, id=1051, 632.3625pt x 347.79938pt>
File: figuras/falhaTData.jpg Graphic file (type jpg)

<use figuras/falhaTData.jpg>
Package pdftex.def Info: figuras/falhaTData.jpg used on input line 63.
(pdftex.def)             Requested size: 422.52057pt x 232.38753pt.


LaTeX Warning: `h' float specifier changed to `ht'.

Package babel Info: Redefining portuges shorthand "|
(babel)             in language  on input line 69.
[50]
Package babel Info: Redefining portuges shorthand "|
(babel)             in language  on input line 70.
Package babel Info: Redefining portuges shorthand "|
(babel)             in language  on input line 75.
 [51 <./figuras/tempoTData.jpg>]
<figuras/testeFaultRecovery.jpg, id=1063, 498.36188pt x 353.06906pt>
File: figuras/testeFaultRecovery.jpg Graphic file (type jpg)

<use figuras/testeFaultRecovery.jpg>
Package pdftex.def Info: figuras/testeFaultRecovery.jpg used on input line 79.
(pdftex.def)             Requested size: 422.52057pt x 299.3451pt.


LaTeX Warning: `h' float specifier changed to `ht'.

Package babel Info: Redefining portuges shorthand "|
(babel)             in language  on input line 86.
<figuras/injecaoFlash.jpg, id=1065, 380.17032pt x 398.99063pt>
File: figuras/injecaoFlash.jpg Graphic file (type jpg)

<use figuras/injecaoFlash.jpg>
Package pdftex.def Info: figuras/injecaoFlash.jpg used on input line 92.
(pdftex.def)             Requested size: 422.52057pt x 443.45103pt.
)
Package babel Info: Redefining portuges shorthand "|
(babel)             in language  on input line 98.
 [52 <./figuras/falhaTData.jpg>]
Package babel Info: Redefining portuges shorthand "|
(babel)             in language  on input line 98.
 [53 <./figuras/testeFaultRecovery.jpg>]
Package babel Info: Redefining portuges shorthand "|
(babel)             in language  on input line 98.
 [54 <./figuras/injecaoFlash.jpg>] (conclusao.tex
Cap\'{\i }tulo 5.
Package babel Info: Redefining portuges shorthand "|
(babel)             in language  on input line 14.
Package babel Info: Redefining portuges shorthand "|
(babel)             in language  on input line 22.
[55



]
Package babel Info: Redefining portuges shorthand "|
(babel)             in language  on input line 26.
Package babel Info: Redefining portuges shorthand "|
(babel)             in language  on input line 30.
Package babel Info: Redefining portuges shorthand "|
(babel)             in language  on input line 34.
Package babel Info: Redefining portuges shorthand "|
(babel)             in language  on input line 42.
 [56])
Package babel Info: Redefining portuges shorthand "|
(babel)             in language  on input line 99.
 [57]
Package babel Info: Redefining portuges shorthand "|
(babel)             in language  on input line 103.
 (tcc.bbl
Underfull \hbox (badness 10000) in paragraph at lines 78--85
[]\T1/cmr/m/n/12 WEBER, T. S.  Um ro-teiro para ex-plo-ra-Á„o dos con-cei-tos b
·-si-
 []


Underfull \hbox (badness 6220) in paragraph at lines 78--85
\T1/cmr/m/n/12 cos de to-le-r‚n-cia a fa-lhas.  Pu-bli-ca-Á„o on-line, 2002.  D
is-po-nÌ-vel em:
 []


Underfull \hbox (badness 10000) in paragraph at lines 78--85
$\OML/cmm/m/it/12 <$\T1/cmr/m/n/12 http://www.inf.ufrgs.br/ taisy/disciplinas/t
extos/Dependabilidade.pdf$\OML/cmm/m/it/12 >$ \T1/cmr/m/n/12 Acesso
 []

Package babel Info: Redefining portuges shorthand "|
(babel)             in language  on input line 86.
[58



]
Overfull \hbox (49.73628pt too wide) in paragraph at lines 110--114
[]\T1/cmr/m/n/12 Cintur„o de van al-len.  Dis-po-nÌ-vel em: $\OML/cmm/m/it/12 <
$\T1/cmr/m/n/12 http://geocities.ws/saladefisica5/leituras/vanallen.html$\OML/c
mm/m/it/12 >$
 []

Package babel Info: Redefining portuges shorthand "|
(babel)             in language  on input line 194.
[59]
Underfull \hbox (badness 10000) in paragraph at lines 259--264
[]\T1/cmr/m/n/12 MBED, A.  mbed lpc1768, 2016.  Dis-po-nÌ-vel em:
 []


Underfull \hbox (badness 10000) in paragraph at lines 277--281
[]\T1/cmr/m/n/12 MBED, A.  Iap in-ter-nal flash write, 2010.  Dis-po-nÌ-vel em:

 []


Underfull \hbox (badness 10000) in paragraph at lines 288--292
[]\T1/cmr/m/n/12 HERNANDE, D. N.  Es-tru-tura de da-dos, 2011.  Dis-po-nÌ-vel e
m:
 []


Underfull \hbox (badness 1325) in paragraph at lines 294--299
[]\T1/cmr/m/n/12 STAVISK, S.  Or-de-nar ve-tor com al-go-ritmo in-ser-ton sort,
 2010.  Dis-po-nÌ-vel
 []

Package babel Info: Redefining portuges shorthand "|
(babel)             in language  on input line 300.
[60])
Package babel Info: Redefining portuges shorthand "|
(babel)             in language  on input line 111.
Package babel Info: Redefining portuges shorthand "|
(babel)             in language  on input line 113.
 [61] (apendice.tex
Ap\^endice A.
Package babel Info: Redefining portuges shorthand "|
(babel)             in language  on input line 14.


pdfTeX warning: pdflatex.exe (file ./anexos.pdf): PDF inclusion: found PDF vers
ion <1.7>, but at most version <1.5> allowed
<anexos.pdf, id=1110, 597.55246pt x 845.07724pt>
File: anexos.pdf Graphic file (type pdf)
 <use anexos.pdf>
Package pdftex.def Info: anexos.pdf used on input line 21.
(pdftex.def)             Requested size: 597.551pt x 845.07518pt.


pdfTeX warning: pdflatex.exe (file ./anexos.pdf): PDF inclusion: found PDF vers
ion <1.7>, but at most version <1.5> allowed
File: anexos.pdf Graphic file (type pdf)
<use anexos.pdf>
Package pdftex.def Info: anexos.pdf used on input line 21.
(pdftex.def)             Requested size: 597.551pt x 845.07518pt.


pdfTeX warning: pdflatex.exe (file ./anexos.pdf): PDF inclusion: found PDF vers
ion <1.7>, but at most version <1.5> allowed


pdfTeX warning: pdflatex.exe (file ./anexos.pdf): PDF inclusion: found PDF vers
ion <1.7>, but at most version <1.5> allowed
<anexos.pdf, id=1113, page=1, 597.55246pt x 845.07724pt>
File: anexos.pdf Graphic file (type pdf)

<use anexos.pdf, page 1>
Package pdftex.def Info: anexos.pdf, page1 used on input line 21.
(pdftex.def)             Requested size: 597.551pt x 845.07518pt.
File: anexos.pdf Graphic file (type pdf)
 <use anexos.pdf, page 1>
Package pdftex.def Info: anexos.pdf, page1 used on input line 21.
(pdftex.def)             Requested size: 597.57834pt x 845.11386pt.
Package babel Info: Redefining portuges shorthand "|
(babel)             in language  on input line 21.
 [62


]
File: anexos.pdf Graphic file (type pdf)

<use anexos.pdf, page 1>
Package pdftex.def Info: anexos.pdf, page1 used on input line 21.
(pdftex.def)             Requested size: 597.57834pt x 845.11386pt.
File: anexos.pdf Graphic file (type pdf)
 <use anexos.pdf, page 1>
Package pdftex.def Info: anexos.pdf, page1 used on input line 21.
(pdftex.def)             Requested size: 597.57834pt x 845.11386pt.
Package babel Info: Redefining portuges shorthand "|
(babel)             in language  on input line 21.
File: anexos.pdf Graphic file (type pdf)
 <use anexos.pdf, page 1>
Package pdftex.def Info: anexos.pdf, page1 used on input line 21.
(pdftex.def)             Requested size: 597.57834pt x 845.11386pt.

[63 <./anexos.pdf>]

pdfTeX warning: pdflatex.exe (file ./anexos.pdf): PDF inclusion: found PDF vers
ion <1.7>, but at most version <1.5> allowed
<anexos.pdf, id=1123, page=2, 597.55246pt x 845.07724pt>
File: anexos.pdf Graphic file (type pdf)

<use anexos.pdf, page 2>
Package pdftex.def Info: anexos.pdf, page2 used on input line 21.
(pdftex.def)             Requested size: 597.57834pt x 845.11386pt.
File: anexos.pdf Graphic file (type pdf)
 <use anexos.pdf, page 2>
Package pdftex.def Info: anexos.pdf, page2 used on input line 21.
(pdftex.def)             Requested size: 597.57834pt x 845.11386pt.
Package babel Info: Redefining portuges shorthand "|
(babel)             in language  on input line 21.
File: anexos.pdf Graphic file (type pdf)
 <use anexos.pdf, page 2>
Package pdftex.def Info: anexos.pdf, page2 used on input line 21.
(pdftex.def)             Requested size: 597.57834pt x 845.11386pt.

[64 <./anexos.pdf>]

pdfTeX warning: pdflatex.exe (file ./anexos.pdf): PDF inclusion: found PDF vers
ion <1.7>, but at most version <1.5> allowed
<anexos.pdf, id=1128, page=3, 597.55246pt x 845.07724pt>
File: anexos.pdf Graphic file (type pdf)

<use anexos.pdf, page 3>
Package pdftex.def Info: anexos.pdf, page3 used on input line 21.
(pdftex.def)             Requested size: 597.57834pt x 845.11386pt.
File: anexos.pdf Graphic file (type pdf)
 <use anexos.pdf, page 3>
Package pdftex.def Info: anexos.pdf, page3 used on input line 21.
(pdftex.def)             Requested size: 597.57834pt x 845.11386pt.
Package babel Info: Redefining portuges shorthand "|
(babel)             in language  on input line 21.
File: anexos.pdf Graphic file (type pdf)
 <use anexos.pdf, page 3>
Package pdftex.def Info: anexos.pdf, page3 used on input line 21.
(pdftex.def)             Requested size: 597.57834pt x 845.11386pt.

[65 <./anexos.pdf>]

pdfTeX warning: pdflatex.exe (file ./anexos.pdf): PDF inclusion: found PDF vers
ion <1.7>, but at most version <1.5> allowed
<anexos.pdf, id=1133, page=4, 597.55246pt x 845.07724pt>
File: anexos.pdf Graphic file (type pdf)

<use anexos.pdf, page 4>
Package pdftex.def Info: anexos.pdf, page4 used on input line 21.
(pdftex.def)             Requested size: 597.57834pt x 845.11386pt.
File: anexos.pdf Graphic file (type pdf)
 <use anexos.pdf, page 4>
Package pdftex.def Info: anexos.pdf, page4 used on input line 21.
(pdftex.def)             Requested size: 597.57834pt x 845.11386pt.
Package babel Info: Redefining portuges shorthand "|
(babel)             in language  on input line 21.
File: anexos.pdf Graphic file (type pdf)
 <use anexos.pdf, page 4>
Package pdftex.def Info: anexos.pdf, page4 used on input line 21.
(pdftex.def)             Requested size: 597.57834pt x 845.11386pt.

[66 <./anexos.pdf>]

pdfTeX warning: pdflatex.exe (file ./anexos.pdf): PDF inclusion: found PDF vers
ion <1.7>, but at most version <1.5> allowed
<anexos.pdf, id=1138, page=5, 597.55246pt x 845.07724pt>
File: anexos.pdf Graphic file (type pdf)

<use anexos.pdf, page 5>
Package pdftex.def Info: anexos.pdf, page5 used on input line 21.
(pdftex.def)             Requested size: 597.57834pt x 845.11386pt.
File: anexos.pdf Graphic file (type pdf)
 <use anexos.pdf, page 5>
Package pdftex.def Info: anexos.pdf, page5 used on input line 21.
(pdftex.def)             Requested size: 597.57834pt x 845.11386pt.
Package babel Info: Redefining portuges shorthand "|
(babel)             in language  on input line 21.
File: anexos.pdf Graphic file (type pdf)
 <use anexos.pdf, page 5>
Package pdftex.def Info: anexos.pdf, page5 used on input line 21.
(pdftex.def)             Requested size: 597.57834pt x 845.11386pt.

[67 <./anexos.pdf>]

pdfTeX warning: pdflatex.exe (file ./anexos.pdf): PDF inclusion: found PDF vers
ion <1.7>, but at most version <1.5> allowed
<anexos.pdf, id=1144, page=6, 597.55246pt x 845.07724pt>
File: anexos.pdf Graphic file (type pdf)

<use anexos.pdf, page 6>
Package pdftex.def Info: anexos.pdf, page6 used on input line 21.
(pdftex.def)             Requested size: 597.57834pt x 845.11386pt.
File: anexos.pdf Graphic file (type pdf)
 <use anexos.pdf, page 6>
Package pdftex.def Info: anexos.pdf, page6 used on input line 21.
(pdftex.def)             Requested size: 597.57834pt x 845.11386pt.
Package babel Info: Redefining portuges shorthand "|
(babel)             in language  on input line 21.
File: anexos.pdf Graphic file (type pdf)
 <use anexos.pdf, page 6>
Package pdftex.def Info: anexos.pdf, page6 used on input line 21.
(pdftex.def)             Requested size: 597.57834pt x 845.11386pt.

[68 <./anexos.pdf>]

pdfTeX warning: pdflatex.exe (file ./anexos.pdf): PDF inclusion: found PDF vers
ion <1.7>, but at most version <1.5> allowed
<anexos.pdf, id=1149, page=7, 597.55246pt x 845.07724pt>
File: anexos.pdf Graphic file (type pdf)

<use anexos.pdf, page 7>
Package pdftex.def Info: anexos.pdf, page7 used on input line 21.
(pdftex.def)             Requested size: 597.57834pt x 845.11386pt.
File: anexos.pdf Graphic file (type pdf)
 <use anexos.pdf, page 7>
Package pdftex.def Info: anexos.pdf, page7 used on input line 21.
(pdftex.def)             Requested size: 597.57834pt x 845.11386pt.
Package babel Info: Redefining portuges shorthand "|
(babel)             in language  on input line 21.
File: anexos.pdf Graphic file (type pdf)
 <use anexos.pdf, page 7>
Package pdftex.def Info: anexos.pdf, page7 used on input line 21.
(pdftex.def)             Requested size: 597.57834pt x 845.11386pt.

[69 <./anexos.pdf>]

pdfTeX warning: pdflatex.exe (file ./anexos.pdf): PDF inclusion: found PDF vers
ion <1.7>, but at most version <1.5> allowed
<anexos.pdf, id=1154, page=8, 597.55246pt x 845.07724pt>
File: anexos.pdf Graphic file (type pdf)

<use anexos.pdf, page 8>
Package pdftex.def Info: anexos.pdf, page8 used on input line 21.
(pdftex.def)             Requested size: 597.57834pt x 845.11386pt.
File: anexos.pdf Graphic file (type pdf)
 <use anexos.pdf, page 8>
Package pdftex.def Info: anexos.pdf, page8 used on input line 21.
(pdftex.def)             Requested size: 597.57834pt x 845.11386pt.
Package babel Info: Redefining portuges shorthand "|
(babel)             in language  on input line 21.
File: anexos.pdf Graphic file (type pdf)
 <use anexos.pdf, page 8>
Package pdftex.def Info: anexos.pdf, page8 used on input line 21.
(pdftex.def)             Requested size: 597.57834pt x 845.11386pt.

[70 <./anexos.pdf>]

pdfTeX warning: pdflatex.exe (file ./anexos.pdf): PDF inclusion: found PDF vers
ion <1.7>, but at most version <1.5> allowed
<anexos.pdf, id=1159, page=9, 597.55246pt x 845.07724pt>
File: anexos.pdf Graphic file (type pdf)

<use anexos.pdf, page 9>
Package pdftex.def Info: anexos.pdf, page9 used on input line 21.
(pdftex.def)             Requested size: 597.57834pt x 845.11386pt.
File: anexos.pdf Graphic file (type pdf)
 <use anexos.pdf, page 9>
Package pdftex.def Info: anexos.pdf, page9 used on input line 21.
(pdftex.def)             Requested size: 597.57834pt x 845.11386pt.
Package babel Info: Redefining portuges shorthand "|
(babel)             in language  on input line 21.
File: anexos.pdf Graphic file (type pdf)
 <use anexos.pdf, page 9>
Package pdftex.def Info: anexos.pdf, page9 used on input line 21.
(pdftex.def)             Requested size: 597.57834pt x 845.11386pt.

[71 <./anexos.pdf>]

pdfTeX warning: pdflatex.exe (file ./anexos.pdf): PDF inclusion: found PDF vers
ion <1.7>, but at most version <1.5> allowed
<anexos.pdf, id=1164, page=10, 597.55246pt x 845.07724pt>
File: anexos.pdf Graphic file (type pdf)

<use anexos.pdf, page 10>
Package pdftex.def Info: anexos.pdf, page10 used on input line 21.
(pdftex.def)             Requested size: 597.57834pt x 845.11386pt.
File: anexos.pdf Graphic file (type pdf)
 <use anexos.pdf, page 10>
Package pdftex.def Info: anexos.pdf, page10 used on input line 21.
(pdftex.def)             Requested size: 597.57834pt x 845.11386pt.
Package babel Info: Redefining portuges shorthand "|
(babel)             in language  on input line 21.
File: anexos.pdf Graphic file (type pdf)
 <use anexos.pdf, page 10>
Package pdftex.def Info: anexos.pdf, page10 used on input line 21.
(pdftex.def)             Requested size: 597.57834pt x 845.11386pt.

[72 <./anexos.pdf>]

pdfTeX warning: pdflatex.exe (file ./anexos.pdf): PDF inclusion: found PDF vers
ion <1.7>, but at most version <1.5> allowed
<anexos.pdf, id=1169, page=11, 597.55246pt x 845.07724pt>
File: anexos.pdf Graphic file (type pdf)

<use anexos.pdf, page 11>
Package pdftex.def Info: anexos.pdf, page11 used on input line 21.
(pdftex.def)             Requested size: 597.57834pt x 845.11386pt.
File: anexos.pdf Graphic file (type pdf)
 <use anexos.pdf, page 11>
Package pdftex.def Info: anexos.pdf, page11 used on input line 21.
(pdftex.def)             Requested size: 597.57834pt x 845.11386pt.
Package babel Info: Redefining portuges shorthand "|
(babel)             in language  on input line 21.
File: anexos.pdf Graphic file (type pdf)
 <use anexos.pdf, page 11>
Package pdftex.def Info: anexos.pdf, page11 used on input line 21.
(pdftex.def)             Requested size: 597.57834pt x 845.11386pt.

[73 <./anexos.pdf>]

pdfTeX warning: pdflatex.exe (file ./anexos.pdf): PDF inclusion: found PDF vers
ion <1.7>, but at most version <1.5> allowed
<anexos.pdf, id=1175, page=12, 597.55246pt x 845.07724pt>
File: anexos.pdf Graphic file (type pdf)

<use anexos.pdf, page 12>
Package pdftex.def Info: anexos.pdf, page12 used on input line 21.
(pdftex.def)             Requested size: 597.57834pt x 845.11386pt.
File: anexos.pdf Graphic file (type pdf)
 <use anexos.pdf, page 12>
Package pdftex.def Info: anexos.pdf, page12 used on input line 21.
(pdftex.def)             Requested size: 597.57834pt x 845.11386pt.
Package babel Info: Redefining portuges shorthand "|
(babel)             in language  on input line 21.
File: anexos.pdf Graphic file (type pdf)
 <use anexos.pdf, page 12>
Package pdftex.def Info: anexos.pdf, page12 used on input line 21.
(pdftex.def)             Requested size: 597.57834pt x 845.11386pt.

[74 <./anexos.pdf>]

pdfTeX warning: pdflatex.exe (file ./anexos.pdf): PDF inclusion: found PDF vers
ion <1.7>, but at most version <1.5> allowed
<anexos.pdf, id=1180, page=13, 597.55246pt x 845.07724pt>
File: anexos.pdf Graphic file (type pdf)

<use anexos.pdf, page 13>
Package pdftex.def Info: anexos.pdf, page13 used on input line 21.
(pdftex.def)             Requested size: 597.57834pt x 845.11386pt.
File: anexos.pdf Graphic file (type pdf)
 <use anexos.pdf, page 13>
Package pdftex.def Info: anexos.pdf, page13 used on input line 21.
(pdftex.def)             Requested size: 597.57834pt x 845.11386pt.
Package babel Info: Redefining portuges shorthand "|
(babel)             in language  on input line 21.
File: anexos.pdf Graphic file (type pdf)
 <use anexos.pdf, page 13>
Package pdftex.def Info: anexos.pdf, page13 used on input line 21.
(pdftex.def)             Requested size: 597.57834pt x 845.11386pt.

[75 <./anexos.pdf>]

pdfTeX warning: pdflatex.exe (file ./anexos.pdf): PDF inclusion: found PDF vers
ion <1.7>, but at most version <1.5> allowed
<anexos.pdf, id=1185, page=14, 597.55246pt x 845.07724pt>
File: anexos.pdf Graphic file (type pdf)

<use anexos.pdf, page 14>
Package pdftex.def Info: anexos.pdf, page14 used on input line 21.
(pdftex.def)             Requested size: 597.57834pt x 845.11386pt.
File: anexos.pdf Graphic file (type pdf)
 <use anexos.pdf, page 14>
Package pdftex.def Info: anexos.pdf, page14 used on input line 21.
(pdftex.def)             Requested size: 597.57834pt x 845.11386pt.
Package babel Info: Redefining portuges shorthand "|
(babel)             in language  on input line 21.
File: anexos.pdf Graphic file (type pdf)
 <use anexos.pdf, page 14>
Package pdftex.def Info: anexos.pdf, page14 used on input line 21.
(pdftex.def)             Requested size: 597.57834pt x 845.11386pt.

[76 <./anexos.pdf>]

pdfTeX warning: pdflatex.exe (file ./anexos.pdf): PDF inclusion: found PDF vers
ion <1.7>, but at most version <1.5> allowed
<anexos.pdf, id=1190, page=15, 597.55246pt x 845.07724pt>
File: anexos.pdf Graphic file (type pdf)

<use anexos.pdf, page 15>
Package pdftex.def Info: anexos.pdf, page15 used on input line 21.
(pdftex.def)             Requested size: 597.57834pt x 845.11386pt.
File: anexos.pdf Graphic file (type pdf)
 <use anexos.pdf, page 15>
Package pdftex.def Info: anexos.pdf, page15 used on input line 21.
(pdftex.def)             Requested size: 597.57834pt x 845.11386pt.
Package babel Info: Redefining portuges shorthand "|
(babel)             in language  on input line 21.
File: anexos.pdf Graphic file (type pdf)
 <use anexos.pdf, page 15>
Package pdftex.def Info: anexos.pdf, page15 used on input line 21.
(pdftex.def)             Requested size: 597.57834pt x 845.11386pt.

[77 <./anexos.pdf>]

pdfTeX warning: pdflatex.exe (file ./anexos.pdf): PDF inclusion: found PDF vers
ion <1.7>, but at most version <1.5> allowed
<anexos.pdf, id=1195, page=16, 597.55246pt x 845.07724pt>
File: anexos.pdf Graphic file (type pdf)

<use anexos.pdf, page 16>
Package pdftex.def Info: anexos.pdf, page16 used on input line 21.
(pdftex.def)             Requested size: 597.57834pt x 845.11386pt.
File: anexos.pdf Graphic file (type pdf)
 <use anexos.pdf, page 16>
Package pdftex.def Info: anexos.pdf, page16 used on input line 21.
(pdftex.def)             Requested size: 597.57834pt x 845.11386pt.
Package babel Info: Redefining portuges shorthand "|
(babel)             in language  on input line 21.
File: anexos.pdf Graphic file (type pdf)
 <use anexos.pdf, page 16>
Package pdftex.def Info: anexos.pdf, page16 used on input line 21.
(pdftex.def)             Requested size: 597.57834pt x 845.11386pt.

[78 <./anexos.pdf>]

pdfTeX warning: pdflatex.exe (file ./anexos.pdf): PDF inclusion: found PDF vers
ion <1.7>, but at most version <1.5> allowed
<anexos.pdf, id=1200, page=17, 597.55246pt x 845.07724pt>
File: anexos.pdf Graphic file (type pdf)

<use anexos.pdf, page 17>
Package pdftex.def Info: anexos.pdf, page17 used on input line 21.
(pdftex.def)             Requested size: 597.57834pt x 845.11386pt.
File: anexos.pdf Graphic file (type pdf)
 <use anexos.pdf, page 17>
Package pdftex.def Info: anexos.pdf, page17 used on input line 21.
(pdftex.def)             Requested size: 597.57834pt x 845.11386pt.
Package babel Info: Redefining portuges shorthand "|
(babel)             in language  on input line 21.
File: anexos.pdf Graphic file (type pdf)
 <use anexos.pdf, page 17>
Package pdftex.def Info: anexos.pdf, page17 used on input line 21.
(pdftex.def)             Requested size: 597.57834pt x 845.11386pt.

[79 <./anexos.pdf>])
Package atveryend Info: Empty hook `BeforeClearDocument' on input line 118.
Package atveryend Info: Empty hook `AfterLastShipout' on input line 118.
 (tcc.aux (cabecalho.aux) (resumo.aux) (abstract.aux)
(agradecimentos.aux) (introducao.aux) (fundamentacao.aux) (metodologia.aux)
(resultados.aux) (conclusao.aux) (apendice.aux))
Package atveryend Info: Executing hook `AtVeryEndDocument' on input line 118.
Package atveryend Info: Executing hook `AtEndAfterFileList' on input line 118.
Package rerunfilecheck Info: File `tcc.out' has not changed.
(rerunfilecheck)             Checksum: F35E903727392B379B7C24E4F941C993;4156.


LaTeX Warning: There were undefined references.

Package atveryend Info: Empty hook `AtVeryVeryEnd' on input line 118.
 ) 
Here is how much of TeX's memory you used:
 12215 strings out of 493673
 176624 string characters out of 3143919
 382842 words of memory out of 3000000
 14798 multiletter control sequences out of 15000+200000
 21552 words of font info for 55 fonts, out of 3000000 for 9000
 1025 hyphenation exceptions out of 8191
 43i,18n,60p,1506b,2264s stack positions out of 5000i,500n,10000p,200000b,50000s
 <C:\Users\Cleiton Gon√ßalves\AppData\Local\MiKTeX\2.9\fonts\pk\ljfour\jknapp
en\ec\dpi600\ecit1200.pk> <C:\Users\Cleiton Gon√ßalves\AppData\Local\MiKTeX\2.9
\fonts\pk\ljfour\jknappen\ec\dpi600\ecti1095.pk> <C:\Users\Cleiton Gon√ßalves\A
ppData\Local\MiKTeX\2.9\fonts\pk\ljfour\jknappen\ec\dpi600\ectt1200.pk> <C:\Use
rs\Cleiton Gon√ßalves\AppData\Local\MiKTeX\2.9\fonts\pk\ljfour\jknappen\ec\dpi6
00\ecbi1200.pk> <C:\Users\Cleiton Gon√ßalves\AppData\Local\MiKTeX\2.9\fonts\pk\
ljfour\jknappen\ec\dpi600\ecbi1728.pk> <C:\Users\Cleiton Gon√ßalves\AppData\Loc
al\MiKTeX\2.9\fonts\pk\ljfour\jknappen\ec\dpi600\ecbi1440.pk> <C:\Users\Cleiton
 Gon√ßalves\AppData\Local\MiKTeX\2.9\fonts\pk\ljfour\jknappen\ec\dpi600\ecrm109
5.pk> <C:\Users\Cleiton Gon√ßalves\AppData\Local\MiKTeX\2.9\fonts\pk\ljfour\jkn
appen\ec\dpi600\ecbx1440.pk> <C:\Users\Cleiton Gon√ßalves\AppData\Local\MiKTeX\
2.9\fonts\pk\ljfour\jknappen\ec\dpi600\ecbx1728.pk> <C:\Users\Cleiton Gon√ßalve
s\AppData\Local\MiKTeX\2.9\fonts\pk\ljfour\jknappen\ec\dpi600\ecbx1200.pk> <C:\
Users\Cleiton Gon√ßalves\AppData\Local\MiKTeX\2.9\fonts\pk\ljfour\jknappen\ec\d
pi600\eccc1200.pk> <C:\Users\Cleiton Gon√ßalves\AppData\Local\MiKTeX\2.9\fonts\
pk\ljfour\jknappen\ec\dpi600\ecti1200.pk> <C:\Users\Cleiton Gon√ßalves\AppData\
Local\MiKTeX\2.9\fonts\pk\ljfour\jknappen\ec\dpi600\ecbx2488.pk> <C:\Users\Clei
ton Gon√ßalves\AppData\Local\MiKTeX\2.9\fonts\pk\ljfour\jknappen\ec\dpi600\ecrm
1200.pk> <C:\Users\Cleiton Gon√ßalves\AppData\Local\MiKTeX\2.9\fonts\pk\ljfour\
jknappen\ec\dpi600\ecrm1440.pk> <C:\Users\Cleiton Gon√ßalves\AppData\Local\MiKT
eX\2.9\fonts\pk\ljfour\jknappen\ec\dpi600\ecrm1728.pk><C:/Program Files/MiKTeX 
2.9/fonts/type1/public/amsfonts/cm/cmmi10.pfb><C:/Program Files/MiKTeX 2.9/font
s/type1/public/amsfonts/cm/cmmi12.pfb><C:/Program Files/MiKTeX 2.9/fonts/type1/
public/amsfonts/cm/cmsy10.pfb>
Output written on tcc.pdf (79 pages, 5277564 bytes).
PDF statistics:
 2104 PDF objects out of 2487 (max. 8388607)
 442 named destinations out of 1000 (max. 500000)
 620 words of extra memory for PDF output out of 10000 (max. 10000000)

